Build started 2015-02-21 23:03:44.
     1>Project "C:\Projects\EigenTextures\AnHaralicTiledV001\AnHaralicTiledV001\AnHaralicTiledV001.vcxproj" on node 2 (Build target(s)).
     1>ClCompile:
         C:\Program Files (x86)\Microsoft Visual Studio 12.0\VC\bin\CL.exe /c /IC:\opencv\build\include /IC:\Projects\EigenTextures\LibMarcin /IC:\Projects\EigenTextures\LibAntonio /ZI /nologo /W3 /WX- /Od /Oy- /D WIN32 /D _DEBUG /D _CONSOLE /D _LIB /D _UNICODE /D UNICODE /Gm /EHsc /RTC1 /MDd /GS /fp:precise /Zc:wchar_t /Zc:forScope /Fo"Debug\\" /Fd"Debug\vc120.pdb" /Gd /TP /analyze- /errorReport:prompt ..\..\LibMarcin\HaralickLib.cpp AnHaralicTiledV001.cpp
         AnHaralicTiledV001.cpp
         HaralickLib.cpp
     1>c:\projects\eigentextures\libmarcin\haralicklib.cpp(531): warning C4244: '=' : conversion from 'double' to 'float', possible loss of data
     1>c:\projects\eigentextures\libmarcin\haralicklib.cpp(532): warning C4244: '=' : conversion from 'double' to 'float', possible loss of data
     1>c:\projects\eigentextures\libmarcin\haralicklib.cpp(567): warning C4244: '=' : conversion from 'float' to 'int', possible loss of data
     1>c:\projects\eigentextures\libmarcin\haralicklib.cpp(569): warning C4244: '=' : conversion from 'float' to 'int', possible loss of data
     1>c:\projects\eigentextures\libmarcin\haralicklib.cpp(573): warning C4244: '=' : conversion from 'float' to 'int', possible loss of data
     1>c:\projects\eigentextures\libmarcin\haralicklib.cpp(575): warning C4244: '=' : conversion from 'float' to 'int', possible loss of data
     1>c:\projects\eigentextures\libmarcin\haralicklib.cpp(580): warning C4244: '=' : conversion from 'float' to 'int', possible loss of data
     1>c:\projects\eigentextures\libmarcin\haralicklib.cpp(582): warning C4244: '=' : conversion from 'float' to 'int', possible loss of data
     1>c:\projects\eigentextures\libmarcin\haralicklib.cpp(586): warning C4244: '=' : conversion from 'float' to 'int', possible loss of data
     1>c:\projects\eigentextures\libmarcin\haralicklib.cpp(588): warning C4244: '=' : conversion from 'float' to 'int', possible loss of data
     1>c:\projects\eigentextures\libmarcin\haralicklib.cpp(655): warning C4244: '=' : conversion from 'double' to 'float', possible loss of data
     1>c:\projects\eigentextures\libmarcin\haralicklib.cpp(656): warning C4244: '=' : conversion from 'double' to 'float', possible loss of data
     1>c:\projects\eigentextures\libmarcin\haralicklib.cpp(691): warning C4244: '=' : conversion from 'float' to 'int', possible loss of data
     1>c:\projects\eigentextures\libmarcin\haralicklib.cpp(693): warning C4244: '=' : conversion from 'float' to 'int', possible loss of data
     1>c:\projects\eigentextures\libmarcin\haralicklib.cpp(697): warning C4244: '=' : conversion from 'float' to 'int', possible loss of data
     1>c:\projects\eigentextures\libmarcin\haralicklib.cpp(699): warning C4244: '=' : conversion from 'float' to 'int', possible loss of data
     1>c:\projects\eigentextures\libmarcin\haralicklib.cpp(704): warning C4244: '=' : conversion from 'float' to 'int', possible loss of data
     1>c:\projects\eigentextures\libmarcin\haralicklib.cpp(706): warning C4244: '=' : conversion from 'float' to 'int', possible loss of data
     1>c:\projects\eigentextures\libmarcin\haralicklib.cpp(710): warning C4244: '=' : conversion from 'float' to 'int', possible loss of data
     1>c:\projects\eigentextures\libmarcin\haralicklib.cpp(712): warning C4244: '=' : conversion from 'float' to 'int', possible loss of data
     1>c:\projects\eigentextures\libmarcin\haralicklib.cpp(507): warning C4101: 'centerKernelY' : unreferenced local variable
     1>c:\projects\eigentextures\libmarcin\haralicklib.cpp(507): warning C4101: 'maxKernelXY' : unreferenced local variable
     1>c:\projects\eigentextures\libmarcin\haralicklib.cpp(507): warning C4101: 'maxKernelX' : unreferenced local variable
     1>c:\projects\eigentextures\libmarcin\haralicklib.cpp(507): warning C4101: 'centerKernelX' : unreferenced local variable
     1>c:\projects\eigentextures\libmarcin\haralicklib.cpp(507): warning C4101: 'maxKernelY' : unreferenced local variable
         Generating Code...
       Link:
         C:\Program Files (x86)\Microsoft Visual Studio 12.0\VC\bin\link.exe /ERRORREPORT:PROMPT /OUT:"C:\Projects\EigenTextures\AnHaralicTiledV001\Debug\AnHaralicTiledV001.exe" /INCREMENTAL /NOLOGO /LIBPATH:C:\opencv\build\x86\vc12\lib opencv_core248d.lib opencv_highgui248d.lib opencv_imgproc248d.lib opencv_contrib248d.lib kernel32.lib user32.lib gdi32.lib winspool.lib comdlg32.lib advapi32.lib shell32.lib ole32.lib oleaut32.lib uuid.lib odbc32.lib odbccp32.lib /MANIFEST /MANIFESTUAC:"level='asInvoker' uiAccess='false'" /manifest:embed /DEBUG /PDB:"C:\Projects\EigenTextures\AnHaralicTiledV001\Debug\AnHaralicTiledV001.pdb" /SUBSYSTEM:CONSOLE /TLBID:1 /DYNAMICBASE /NXCOMPAT /IMPLIB:"C:\Projects\EigenTextures\AnHaralicTiledV001\Debug\AnHaralicTiledV001.lib" /MACHINE:X86 Debug\Functions.obj
         Debug\HaralickLib.obj
         Debug\NormalizationLib.obj
         Debug\RedundantWaveletLib.obj
         Debug\StringFcLib.obj
         Debug\AnHaralicTiledV001.obj
         AnHaralicTiledV001.vcxproj -> C:\Projects\EigenTextures\AnHaralicTiledV001\Debug\AnHaralicTiledV001.exe
     1>Done Building Project "C:\Projects\EigenTextures\AnHaralicTiledV001\AnHaralicTiledV001\AnHaralicTiledV001.vcxproj" (Build target(s)).

Build succeeded.

Time Elapsed 00:00:03.49
